2025-07-13 16:09:04,966 INFO o.a.j.u.JMeterUtils: Setting Locale to en_EN
2025-07-13 16:09:04,975 INFO o.a.j.JMeter: Loading user properties from: /Users/snehasishbala/Downloads/apache-jmeter-5.6.3/bin/user.properties
2025-07-13 16:09:04,975 INFO o.a.j.JMeter: Loading system properties from: /Users/snehasishbala/Downloads/apache-jmeter-5.6.3/bin/system.properties
2025-07-13 16:09:04,975 INFO o.a.j.JMeter: Setting JMeter property: jmeter.save.saveservice.print_field_names=true
2025-07-13 16:09:04,978 INFO o.a.j.JMeter: Copyright (c) 1998-2024 The Apache Software Foundation
2025-07-13 16:09:04,978 INFO o.a.j.JMeter: Version 5.6.3
2025-07-13 16:09:04,978 INFO o.a.j.JMeter: java.version=17.0.10
2025-07-13 16:09:04,978 INFO o.a.j.JMeter: java.vm.name=OpenJDK 64-Bit Server VM
2025-07-13 16:09:04,978 INFO o.a.j.JMeter: os.name=Mac OS X
2025-07-13 16:09:04,978 INFO o.a.j.JMeter: os.arch=aarch64
2025-07-13 16:09:04,978 INFO o.a.j.JMeter: os.version=14.6
2025-07-13 16:09:04,978 INFO o.a.j.JMeter: file.encoding=UTF-8
2025-07-13 16:09:04,978 INFO o.a.j.JMeter: java.awt.headless=true
2025-07-13 16:09:04,978 INFO o.a.j.JMeter: Max memory     =1073741824
2025-07-13 16:09:04,978 INFO o.a.j.JMeter: Available Processors =8
2025-07-13 16:09:04,981 INFO o.a.j.JMeter: Default Locale=English (EN)
2025-07-13 16:09:04,982 INFO o.a.j.JMeter: JMeter  Locale=English (EN)
2025-07-13 16:09:04,982 INFO o.a.j.JMeter: JMeterHome=/Users/snehasishbala/Downloads/apache-jmeter-5.6.3
2025-07-13 16:09:04,982 INFO o.a.j.JMeter: user.dir  =/Users/snehasishbala/Downloads/tehelka_testing
2025-07-13 16:09:04,982 INFO o.a.j.JMeter: PWD       =/Users/snehasishbala/Downloads/tehelka_testing
2025-07-13 16:09:04,983 INFO o.a.j.JMeter: IP: 127.0.0.1 Name: Snehasishs-MacBook-Air.local FullName: localhost
2025-07-13 16:09:04,990 INFO o.a.j.s.FileServer: Default base='/Users/snehasishbala/Downloads/tehelka_testing'
2025-07-13 16:09:04,990 INFO o.a.j.s.FileServer: Set new base='/var/folders/7m/gy1tk6c97vjbrbgmjzs16g980000gn/T'
2025-07-13 16:09:05,056 INFO o.a.j.s.SaveService: Testplan (JMX) version: 2.2. Testlog (JTL) version: 2.2
2025-07-13 16:09:05,068 INFO o.a.j.s.SaveService: Using SaveService properties version 5.0
2025-07-13 16:09:05,069 INFO o.a.j.s.SaveService: Using SaveService properties file encoding UTF-8
2025-07-13 16:09:05,070 INFO o.a.j.s.SaveService: Loading file: /var/folders/7m/gy1tk6c97vjbrbgmjzs16g980000gn/T/testplan-14315869270614385035.jmx
2025-07-13 16:09:05,093 INFO o.a.j.p.h.s.HTTPSamplerBase: Parser for text/html is org.apache.jmeter.protocol.http.parser.LagartoBasedHtmlParser
2025-07-13 16:09:05,093 INFO o.a.j.p.h.s.HTTPSamplerBase: Parser for application/xhtml+xml is org.apache.jmeter.protocol.http.parser.LagartoBasedHtmlParser
2025-07-13 16:09:05,093 INFO o.a.j.p.h.s.HTTPSamplerBase: Parser for application/xml is org.apache.jmeter.protocol.http.parser.LagartoBasedHtmlParser
2025-07-13 16:09:05,093 INFO o.a.j.p.h.s.HTTPSamplerBase: Parser for text/xml is org.apache.jmeter.protocol.http.parser.LagartoBasedHtmlParser
2025-07-13 16:09:05,093 INFO o.a.j.p.h.s.HTTPSamplerBase: Parser for text/vnd.wap.wml is org.apache.jmeter.protocol.http.parser.RegexpHTMLParser
2025-07-13 16:09:05,093 INFO o.a.j.p.h.s.HTTPSamplerBase: Parser for text/css is org.apache.jmeter.protocol.http.parser.CssParser
2025-07-13 16:09:05,101 INFO o.a.j.JMeter: Creating summariser <summary>
2025-07-13 16:09:05,106 INFO o.a.j.e.StandardJMeterEngine: Running the test!
2025-07-13 16:09:05,106 INFO o.a.j.s.SampleEvent: List of sample_variables: []
2025-07-13 16:09:05,106 INFO o.a.j.s.SampleEvent: List of sample_variables: []
2025-07-13 16:09:05,108 INFO o.a.j.e.u.CompoundVariable: Note: Function class names must contain the string: '.functions.'
2025-07-13 16:09:05,108 INFO o.a.j.e.u.CompoundVariable: Note: Function class names must not contain the string: '.gui.'
2025-07-13 16:09:05,136 INFO o.a.j.JMeter: Running test (1752403145136)
2025-07-13 16:09:05,145 INFO o.a.j.e.StandardJMeterEngine: Starting ThreadGroup: 1 : Thread Group
2025-07-13 16:09:05,145 INFO o.a.j.e.StandardJMeterEngine: Starting 10 threads for group Thread Group.
2025-07-13 16:09:05,145 INFO o.a.j.e.StandardJMeterEngine: Thread will continue on error
2025-07-13 16:09:05,145 INFO o.a.j.t.ThreadGroup: Starting thread group... number=1 threads=10 ramp-up=60 delayedStart=false
2025-07-13 16:09:05,148 INFO o.a.j.t.JMeterThread: Thread started: Thread Group 1-1
2025-07-13 16:09:05,148 INFO o.a.j.t.ThreadGroup: Started thread group number 1
2025-07-13 16:09:05,148 INFO o.a.j.e.StandardJMeterEngine: All thread groups have been started
2025-07-13 16:09:05,156 INFO o.a.j.p.h.s.HTTPHCAbstractImpl: Local host = Snehasishs-MacBook-Air.local
2025-07-13 16:09:05,158 INFO o.a.j.p.h.s.HTTPHC4Impl: HTTP request retry count = 0
2025-07-13 16:09:05,159 INFO o.a.j.s.SampleResult: Note: Sample TimeStamps are START times
2025-07-13 16:09:05,159 INFO o.a.j.s.SampleResult: sampleresult.default.encoding is set to UTF-8
2025-07-13 16:09:05,159 INFO o.a.j.s.SampleResult: sampleresult.useNanoTime=true
2025-07-13 16:09:05,159 INFO o.a.j.s.SampleResult: sampleresult.nanoThreadSleep=5000
2025-07-13 16:09:05,238 INFO o.a.j.p.h.s.h.LazyLayeredConnectionSocketFactory: Setting up HTTPS TrustAll Socket Factory
2025-07-13 16:09:05,240 INFO o.a.j.u.JsseSSLManager: Using default SSL protocol: TLS
2025-07-13 16:09:05,240 INFO o.a.j.u.JsseSSLManager: SSL session context: per-thread
2025-07-13 16:09:05,272 INFO o.a.j.u.SSLManager: JmeterKeyStore Location:  type JKS
2025-07-13 16:09:05,273 INFO o.a.j.u.SSLManager: KeyStore created OK
2025-07-13 16:09:05,273 WARN o.a.j.u.SSLManager: Keystore file not found, loading empty keystore
2025-07-13 16:09:05,343 INFO o.a.j.r.Summariser: summary +      1 in 00:00:00 =    4.9/s Avg:   161 Min:   161 Max:   161 Err:     0 (0.00%) Active: 1 Started: 1 Finished: 0
2025-07-13 16:09:05,343 INFO o.a.j.t.JMeterThread: Thread is done: Thread Group 1-1
2025-07-13 16:09:05,343 INFO o.a.j.t.JMeterThread: Thread finished: Thread Group 1-1
2025-07-13 16:09:11,149 INFO o.a.j.t.JMeterThread: Thread started: Thread Group 1-2
2025-07-13 16:09:11,198 INFO o.a.j.t.JMeterThread: Thread is done: Thread Group 1-2
2025-07-13 16:09:11,198 INFO o.a.j.t.JMeterThread: Thread finished: Thread Group 1-2
2025-07-13 16:09:17,150 INFO o.a.j.t.JMeterThread: Thread started: Thread Group 1-3
2025-07-13 16:09:17,194 INFO o.a.j.t.JMeterThread: Thread is done: Thread Group 1-3
2025-07-13 16:09:17,194 INFO o.a.j.t.JMeterThread: Thread finished: Thread Group 1-3
2025-07-13 16:09:23,150 INFO o.a.j.t.JMeterThread: Thread started: Thread Group 1-4
2025-07-13 16:09:23,191 INFO o.a.j.t.JMeterThread: Thread is done: Thread Group 1-4
2025-07-13 16:09:23,191 INFO o.a.j.t.JMeterThread: Thread finished: Thread Group 1-4
2025-07-13 16:09:29,150 INFO o.a.j.t.JMeterThread: Thread started: Thread Group 1-5
2025-07-13 16:09:29,189 INFO o.a.j.t.JMeterThread: Thread is done: Thread Group 1-5
2025-07-13 16:09:29,189 INFO o.a.j.t.JMeterThread: Thread finished: Thread Group 1-5
2025-07-13 16:09:35,151 INFO o.a.j.t.JMeterThread: Thread started: Thread Group 1-6
2025-07-13 16:09:35,200 INFO o.a.j.r.Summariser: summary +      5 in 00:00:30 =    0.2/s Avg:    41 Min:    36 Max:    46 Err:     0 (0.00%) Active: 1 Started: 6 Finished: 5
2025-07-13 16:09:35,200 INFO o.a.j.r.Summariser: summary =      6 in 00:00:30 =    0.2/s Avg:    61 Min:    36 Max:   161 Err:     0 (0.00%)
2025-07-13 16:09:35,200 INFO o.a.j.t.JMeterThread: Thread is done: Thread Group 1-6
2025-07-13 16:09:35,200 INFO o.a.j.t.JMeterThread: Thread finished: Thread Group 1-6
2025-07-13 16:09:41,150 INFO o.a.j.t.JMeterThread: Thread started: Thread Group 1-7
2025-07-13 16:09:41,247 INFO o.a.j.t.JMeterThread: Thread is done: Thread Group 1-7
2025-07-13 16:09:41,247 INFO o.a.j.t.JMeterThread: Thread finished: Thread Group 1-7
2025-07-13 16:09:47,146 INFO o.a.j.t.JMeterThread: Thread started: Thread Group 1-8
2025-07-13 16:09:47,258 INFO o.a.j.t.JMeterThread: Thread is done: Thread Group 1-8
2025-07-13 16:09:47,258 INFO o.a.j.t.JMeterThread: Thread finished: Thread Group 1-8
2025-07-13 16:09:53,150 INFO o.a.j.t.JMeterThread: Thread started: Thread Group 1-9
2025-07-13 16:09:53,186 INFO o.a.j.t.JMeterThread: Thread is done: Thread Group 1-9
2025-07-13 16:09:53,186 INFO o.a.j.t.JMeterThread: Thread finished: Thread Group 1-9
2025-07-13 16:09:59,150 INFO o.a.j.t.JMeterThread: Thread started: Thread Group 1-10
2025-07-13 16:09:59,188 INFO o.a.j.t.JMeterThread: Thread is done: Thread Group 1-10
2025-07-13 16:09:59,188 INFO o.a.j.t.JMeterThread: Thread finished: Thread Group 1-10
2025-07-13 16:09:59,189 INFO o.a.j.e.StandardJMeterEngine: Notifying test listeners of end of test
2025-07-13 16:09:59,190 INFO o.a.j.r.Summariser: summary +      4 in 00:00:24 =    0.2/s Avg:    68 Min:    35 Max:   108 Err:     0 (0.00%) Active: 0 Started: 10 Finished: 10
2025-07-13 16:09:59,190 INFO o.a.j.r.Summariser: summary =     10 in 00:00:54 =    0.2/s Avg:    64 Min:    35 Max:   161 Err:     0 (0.00%)
